f:\工作201808_飞行包编辑\飞行包编辑_v0.0.2.180809_alpha\flyedit20180811\flyedit4_qcustomplot _plotmulti\flyedit\debug\vc120.pdb
f:\工作201808_飞行包编辑\飞行包编辑_v0.0.2.180809_alpha\flyedit20180811\flyedit4_qcustomplot _plotmulti\flyedit\debug\qcustomplot.obj
f:\工作201808_飞行包编辑\飞行包编辑_v0.0.2.180809_alpha\flyedit20180811\flyedit4_qcustomplot _plotmulti\flyedit\debug\main.obj
f:\工作201808_飞行包编辑\飞行包编辑_v0.0.2.180809_alpha\flyedit20180811\flyedit4_qcustomplot _plotmulti\flyedit\debug\moc_qcustomplot.obj
f:\工作201808_飞行包编辑\飞行包编辑_v0.0.2.180809_alpha\flyedit20180811\flyedit4_qcustomplot _plotmulti\flyedit\debug\moc_flyedit.obj
f:\工作201808_飞行包编辑\飞行包编辑_v0.0.2.180809_alpha\flyedit20180811\flyedit4_qcustomplot _plotmulti\flyedit\debug\flyedit.obj
f:\工作201808_飞行包编辑\飞行包编辑_v0.0.2.180809_alpha\flyedit20180811\flyedit4_qcustomplot _plotmulti\flyedit\debug\qrc_flyedit.obj
f:\工作201808_飞行包编辑\飞行包编辑_v0.0.2.180809_alpha\flyedit20180811\flyedit4_qcustomplot _plotmultigraph_twosublayout\flyedit\debug\vc120.pdb
f:\工作201808_飞行包编辑\飞行包编辑_v0.0.2.180809_alpha\flyedit20180811\flyedit4_qcustomplot _plotmultigraph_twosublayout\flyedit\debug\qcustomplot.obj
f:\工作201808_飞行包编辑\飞行包编辑_v0.0.2.180809_alpha\flyedit20180811\flyedit4_qcustomplot _plotmultigraph_twosublayout\flyedit\debug\main.obj
f:\工作201808_飞行包编辑\飞行包编辑_v0.0.2.180809_alpha\flyedit20180811\flyedit4_qcustomplot _plotmultigraph_twosublayout\flyedit\debug\moc_qcustomplot.obj
f:\工作201808_飞行包编辑\飞行包编辑_v0.0.2.180809_alpha\flyedit20180811\flyedit4_qcustomplot _plotmultigraph_twosublayout\flyedit\debug\moc_flyedit.obj
f:\工作201808_飞行包编辑\飞行包编辑_v0.0.2.180809_alpha\flyedit20180811\flyedit4_qcustomplot _plotmultigraph_twosublayout\flyedit\debug\flyedit.obj
f:\工作201808_飞行包编辑\飞行包编辑_v0.0.2.180809_alpha\flyedit20180811\flyedit4_qcustomplot _plotmultigraph_twosublayout\flyedit\debug\qrc_flyedit.obj
f:\工作201808_飞行包编辑\飞行包编辑_v0.0.2.180809_alpha\flyedit20180811\flyedit4_qcustomplot _plotmulti\flyedit\generatedfiles\ui_flyedit.h
f:\工作201808_飞行包编辑\飞行包编辑_v0.0.2.180809_alpha\flyedit20180811\flyedit4_qcustomplot _plotmulti\flyedit\generatedfiles\debug\moc_qcustomplot.cpp
f:\工作201808_飞行包编辑\飞行包编辑_v0.0.2.180809_alpha\flyedit20180811\flyedit4_qcustomplot _plotmulti\flyedit\generatedfiles\qrc_flyedit.cpp
f:\工作201808_飞行包编辑\飞行包编辑_v0.0.2.180809_alpha\flyedit20180811\flyedit4_qcustomplot _plotmulti\flyedit\generatedfiles\debug\moc_flyedit.cpp
f:\工作201808_飞行包编辑\飞行包编辑_v0.0.2.180809_alpha\flyedit20180811\flyedit4_qcustomplot _plotmultigraph_twosublayout\flyedit\generatedfiles\ui_flyedit.h
f:\工作201808_飞行包编辑\飞行包编辑_v0.0.2.180809_alpha\flyedit20180811\flyedit4_qcustomplot _plotmultigraph_twosublayout\flyedit\generatedfiles\debug\moc_qcustomplot.cpp
f:\工作201808_飞行包编辑\飞行包编辑_v0.0.2.180809_alpha\flyedit20180811\flyedit4_qcustomplot _plotmultigraph_twosublayout\flyedit\generatedfiles\qrc_flyedit.cpp
f:\工作201808_飞行包编辑\飞行包编辑_v0.0.2.180809_alpha\flyedit20180811\flyedit4_qcustomplot _plotmultigraph_twosublayout\flyedit\generatedfiles\debug\moc_flyedit.cpp
f:\工作201808_飞行包编辑\飞行包编辑_v0.0.2.180809_alpha\flyedit20180811\flyedit4_qcustomplot _plotmulti\win32\debug\flyedit.ilk
f:\工作201808_飞行包编辑\飞行包编辑_v0.0.2.180809_alpha\flyedit20180811\flyedit4_qcustomplot _plotmulti\win32\debug\flyedit.exe
f:\工作201808_飞行包编辑\飞行包编辑_v0.0.2.180809_alpha\flyedit20180811\flyedit4_qcustomplot _plotmulti\win32\debug\flyedit.pdb
f:\工作201808_飞行包编辑\飞行包编辑_v0.0.2.180809_alpha\flyedit20180811\flyedit4_qcustomplot _plotmultigraph_twosublayout\win32\debug\flyedit.ilk
f:\工作201808_飞行包编辑\飞行包编辑_v0.0.2.180809_alpha\flyedit20180811\flyedit4_qcustomplot _plotmultigraph_twosublayout\win32\debug\flyedit.exe
f:\工作201808_飞行包编辑\飞行包编辑_v0.0.2.180809_alpha\flyedit20180811\flyedit4_qcustomplot _plotmultigraph_twosublayout\win32\debug\flyedit.pdb
f:\工作201808_飞行包编辑\飞行包编辑_v0.0.2.180809_alpha\flyedit20180811\flyedit4_qcustomplot _plotmultigraph_twosublayout\flyedit\debug\flyedit.tlog\cl.command.1.tlog
f:\工作201808_飞行包编辑\飞行包编辑_v0.0.2.180809_alpha\flyedit20180811\flyedit4_qcustomplot _plotmultigraph_twosublayout\flyedit\debug\flyedit.tlog\cl.read.1.tlog
f:\工作201808_飞行包编辑\飞行包编辑_v0.0.2.180809_alpha\flyedit20180811\flyedit4_qcustomplot _plotmultigraph_twosublayout\flyedit\debug\flyedit.tlog\cl.write.1.tlog
f:\工作201808_飞行包编辑\飞行包编辑_v0.0.2.180809_alpha\flyedit20180811\flyedit4_qcustomplot _plotmultigraph_twosublayout\flyedit\debug\flyedit.tlog\custombuild.command.1.tlog
f:\工作201808_飞行包编辑\飞行包编辑_v0.0.2.180809_alpha\flyedit20180811\flyedit4_qcustomplot _plotmultigraph_twosublayout\flyedit\debug\flyedit.tlog\custombuild.read.1.tlog
f:\工作201808_飞行包编辑\飞行包编辑_v0.0.2.180809_alpha\flyedit20180811\flyedit4_qcustomplot _plotmultigraph_twosublayout\flyedit\debug\flyedit.tlog\custombuild.write.1.tlog
f:\工作201808_飞行包编辑\飞行包编辑_v0.0.2.180809_alpha\flyedit20180811\flyedit4_qcustomplot _plotmultigraph_twosublayout\flyedit\debug\flyedit.tlog\link.command.1.tlog
f:\工作201808_飞行包编辑\飞行包编辑_v0.0.2.180809_alpha\flyedit20180811\flyedit4_qcustomplot _plotmultigraph_twosublayout\flyedit\debug\flyedit.tlog\link.read.1.tlog
f:\工作201808_飞行包编辑\飞行包编辑_v0.0.2.180809_alpha\flyedit20180811\flyedit4_qcustomplot _plotmultigraph_twosublayout\flyedit\debug\flyedit.tlog\link.write.1.tlog
