f:\工作201808_飞行包编辑\飞行包编辑_v0.0.2.180809_alpha\flyedit20180811\flyedit4_fabu\flyedit\release\qcustomplot.obj
f:\工作201808_飞行包编辑\飞行包编辑_v0.0.2.180809_alpha\flyedit20180811\flyedit4_fabu\flyedit\release\main.obj
f:\工作201808_飞行包编辑\飞行包编辑_v0.0.2.180809_alpha\flyedit20180811\flyedit4_fabu\flyedit\release\moc_qcustomplot.obj
f:\工作201808_飞行包编辑\飞行包编辑_v0.0.2.180809_alpha\flyedit20180811\flyedit4_fabu\flyedit\release\moc_flyedit.obj
f:\工作201808_飞行包编辑\飞行包编辑_v0.0.2.180809_alpha\flyedit20180811\flyedit4_fabu\flyedit\release\flyedit.obj
f:\工作201808_飞行包编辑\飞行包编辑_v0.0.2.180809_alpha\flyedit20180811\flyedit4_fabu\flyedit\release\qrc_flyedit.obj
f:\工作201808_飞行包编辑\飞行包编辑_v0.0.2.180809_alpha\flyedit20180811\flyedit4_fabu\flyedit\generatedfiles\release\moc_flyedit.cpp
f:\工作201808_飞行包编辑\飞行包编辑_v0.0.2.180809_alpha\flyedit20180811\flyedit4_fabu\flyedit\generatedfiles\ui_flyedit.h
f:\工作201808_飞行包编辑\飞行包编辑_v0.0.2.180809_alpha\flyedit20180811\flyedit4_fabu\flyedit\generatedfiles\release\moc_qcustomplot.cpp
f:\工作201808_飞行包编辑\飞行包编辑_v0.0.2.180809_alpha\flyedit20180811\flyedit4_fabu\flyedit\generatedfiles\qrc_flyedit.cpp
f:\工作201808_飞行包编辑\飞行包编辑_v0.0.2.180809_alpha\flyedit20180811\flyedit4_fabu\win32\release\flyedit.exe
f:\工作201808_飞行包编辑\飞行包编辑_v0.0.2.180809_alpha\flyedit20180811\flyedit4_fabu\flyedit\release\flyedit.tlog\cl.command.1.tlog
f:\工作201808_飞行包编辑\飞行包编辑_v0.0.2.180809_alpha\flyedit20180811\flyedit4_fabu\flyedit\release\flyedit.tlog\cl.read.1.tlog
f:\工作201808_飞行包编辑\飞行包编辑_v0.0.2.180809_alpha\flyedit20180811\flyedit4_fabu\flyedit\release\flyedit.tlog\cl.write.1.tlog
f:\工作201808_飞行包编辑\飞行包编辑_v0.0.2.180809_alpha\flyedit20180811\flyedit4_fabu\flyedit\release\flyedit.tlog\custombuild.command.1.tlog
f:\工作201808_飞行包编辑\飞行包编辑_v0.0.2.180809_alpha\flyedit20180811\flyedit4_fabu\flyedit\release\flyedit.tlog\custombuild.read.1.tlog
f:\工作201808_飞行包编辑\飞行包编辑_v0.0.2.180809_alpha\flyedit20180811\flyedit4_fabu\flyedit\release\flyedit.tlog\custombuild.write.1.tlog
f:\工作201808_飞行包编辑\飞行包编辑_v0.0.2.180809_alpha\flyedit20180811\flyedit4_fabu\flyedit\release\flyedit.tlog\link.command.1.tlog
f:\工作201808_飞行包编辑\飞行包编辑_v0.0.2.180809_alpha\flyedit20180811\flyedit4_fabu\flyedit\release\flyedit.tlog\link.read.1.tlog
f:\工作201808_飞行包编辑\飞行包编辑_v0.0.2.180809_alpha\flyedit20180811\flyedit4_fabu\flyedit\release\flyedit.tlog\link.write.1.tlog
