生成启动时间为 2018/8/11 22:27:51。
     1>项目“F:\工作201808_飞行包编辑\飞行包编辑_V0.0.2.180809_Alpha\FlyEdit20180811\FlyEdit4_QCustomPlot\FlyEdit\FlyEdit.vcxproj”在节点 2 上(Build 个目标)。
     1>CustomBuild:
         Moc'ing flyedit.h...
         Uic'ing flyedit.ui...
         Moc'ing qcustomplot.h...
         Rcc'ing flyedit.qrc...
     1>RCC : warning : No resources in 'F:\宸ヤ綔201808_椋炶鍖呯紪杈慭椋炶鍖呯紪杈慱V0.0.2.180809_Alpha\FlyEdit20180811\FlyEdit4_QCustomPlot\FlyEdit\flyedit.qrc'.
         
       ClCompile:
         C:\Program Files (x86)\Microsoft Visual Studio 12.0\VC\bin\CL.exe /c /I.\GeneratedFiles /I. /IC:\Qt\Qt5.7.0\5.7\msvc2013\include /I.\GeneratedFiles\Debug /IC:\Qt\Qt5.7.0\5.7\msvc2013\include\QtCore /IC:\Qt\Qt5.7.0\5.7\msvc2013\include\QtGui /IC:\Qt\Qt5.7.0\5.7\msvc2013\include\QtSql /IC:\Qt\Qt5.7.0\5.7\msvc2013\include\QtWidgets /IC:\Qt\Qt5.7.0\5.7\msvc2013\include\QtXlsx /IC:\Qt\Qt5.7.0\5.7\msvc2013\include\QtPrintSupport /Zi /nologo /W1 /WX- /Od /Oy- /D UNICODE /D WIN32 /D WIN64 /D QT_DLL /D QT_CORE_LIB /D QT_GUI_LIB /D QT_SQL_LIB /D QT_WIDGETS_LIB /D QT_PRINTSUPPORT_LIB /Gm- /EHsc /MDd /GS /fp:precise /Zc:wchar_t /Zc:forScope /Fo"Debug\\" /Fd"Debug\vc120.pdb" /Gd /TP /analyze- /errorReport:prompt flyedit.cpp GeneratedFiles\Debug\moc_flyedit.cpp GeneratedFiles\Debug\moc_qcustomplot.cpp main.cpp qcustomplot.cpp
         flyedit.cpp
         moc_flyedit.cpp
         moc_qcustomplot.cpp
         main.cpp
         qcustomplot.cpp
     1>C:\Program Files (x86)\Microsoft Visual Studio 12.0\VC\include\xutility(2132): warning C4996: 'std::_Copy_impl': Function call with parameters that may be unsafe - this call relies on the caller to check that the passed values are correct. To disable this warning, use -D_SCL_SECURE_NO_WARNINGS. See documentation on how to use Visual C++ 'Checked Iterators'
                 C:\Program Files (x86)\Microsoft Visual Studio 12.0\VC\include\xutility(2113) : 参见“std::_Copy_impl”的声明
                 qcustomplot.cpp(20982): 参见对正在编译的函数 模板 实例化“_OutIt std::copy<const QCPGraphData*,QCPGraphData*>(_InIt,_InIt,_OutIt)”的引用
                 with
                 [
                     _OutIt=QCPGraphData *
         ,            _InIt=const QCPGraphData *
                 ]
                 C:\Program Files (x86)\Microsoft Visual Studio 12.0\VC\include\xutility(2113) : 参见“std::_Copy_impl”的声明
                 C:\Program Files (x86)\Microsoft Visual Studio 12.0\VC\include\xutility(2113) : 参见“std::_Copy_impl”的声明
                 C:\Program Files (x86)\Microsoft Visual Studio 12.0\VC\include\xutility(2113) : 参见“std::_Copy_impl”的声明
                 C:\Program Files (x86)\Microsoft Visual Studio 12.0\VC\include\xutility(2113) : 参见“std::_Copy_impl”的声明
                 C:\Program Files (x86)\Microsoft Visual Studio 12.0\VC\include\xutility(2113) : 参见“std::_Copy_impl”的声明
     1>C:\Program Files (x86)\Microsoft Visual Studio 12.0\VC\include\xutility(2409): warning C4996: 'std::_Copy_backward': Function call with parameters that may be unsafe - this call relies on the caller to check that the passed values are correct. To disable this warning, use -D_SCL_SECURE_NO_WARNINGS. See documentation on how to use Visual C++ 'Checked Iterators'
                 C:\Program Files (x86)\Microsoft Visual Studio 12.0\VC\include\xutility(2394) : 参见“std::_Copy_backward”的声明
                 f:\工作201808_飞行包编辑\飞行包编辑_v0.0.2.180809_alpha\flyedit20180811\flyedit4_qcustomplot\flyedit\qcustomplot.h(3200): 参见对正在编译的函数 模板 实例化“_BidIt2 std::copy_backward<QCPGraphData*,QCPGraphData*>(_BidIt1,_BidIt1,_BidIt2)”的引用
                 with
                 [
                     _BidIt2=QCPGraphData *
         ,            _BidIt1=QCPGraphData *
                 ]
                 f:\工作201808_飞行包编辑\飞行包编辑_v0.0.2.180809_alpha\flyedit20180811\flyedit4_qcustomplot\flyedit\qcustomplot.h(3190): 编译类 模板 成员函数“void QCPDataContainer<QCPGraphData>::preallocateGrow(int)”时
                 f:\工作201808_飞行包编辑\飞行包编辑_v0.0.2.180809_alpha\flyedit20180811\flyedit4_qcustomplot\flyedit\qcustomplot.h(2749): 参见对正在编译的函数 模板 实例化“void QCPDataContainer<QCPGraphData>::preallocateGrow(int)”的引用
                 f:\工作201808_飞行包编辑\飞行包编辑_v0.0.2.180809_alpha\flyedit20180811\flyedit4_qcustomplot\flyedit\qcustomplot.h(4104): 编译类 模板 成员函数“QCPAbstractPlottable1D<QCPGraphData>::QCPAbstractPlottable1D(QCPAxis *,QCPAxis *)”时
                 qcustomplot.cpp(20110): 参见对正在编译的函数 模板 实例化“QCPAbstractPlottable1D<QCPGraphData>::QCPAbstractPlottable1D(QCPAxis *,QCPAxis *)”的引用
                 f:\工作201808_飞行包编辑\飞行包编辑_v0.0.2.180809_alpha\flyedit20180811\flyedit4_qcustomplot\flyedit\qcustomplot.h(5164): 参见对正在编译的类 模板 实例化“QCPAbstractPlottable1D<QCPGraphData>”的引用
                 C:\Program Files (x86)\Microsoft Visual Studio 12.0\VC\include\xutility(2394) : 参见“std::_Copy_backward”的声明
                 C:\Program Files (x86)\Microsoft Visual Studio 12.0\VC\include\xutility(2394) : 参见“std::_Copy_backward”的声明
                 C:\Program Files (x86)\Microsoft Visual Studio 12.0\VC\include\xutility(2394) : 参见“std::_Copy_backward”的声明
                 C:\Program Files (x86)\Microsoft Visual Studio 12.0\VC\include\xutility(2394) : 参见“std::_Copy_backward”的声明
         正在生成代码...
         C:\Program Files (x86)\Microsoft Visual Studio 12.0\VC\bin\CL.exe /c /I.\GeneratedFiles /I. /IC:\Qt\Qt5.7.0\5.7\msvc2013\include /I.\GeneratedFiles\Debug /IC:\Qt\Qt5.7.0\5.7\msvc2013\include\QtCore /IC:\Qt\Qt5.7.0\5.7\msvc2013\include\QtGui /IC:\Qt\Qt5.7.0\5.7\msvc2013\include\QtSql /IC:\Qt\Qt5.7.0\5.7\msvc2013\include\QtWidgets /IC:\Qt\Qt5.7.0\5.7\msvc2013\include\QtXlsx /IC:\Qt\Qt5.7.0\5.7\msvc2013\include\QtPrintSupport /Zi /nologo /W1 /WX- /Od /Oy- /D UNICODE /D WIN32 /D WIN64 /D QT_DLL /D QT_CORE_LIB /D QT_GUI_LIB /D QT_SQL_LIB /D QT_WIDGETS_LIB /D QT_PRINTSUPPORT_LIB /Gm- /EHsc /MDd /GS /fp:precise /Zc:wchar_t /Zc:forScope /Fo"Debug\\" /Fd"Debug\vc120.pdb" /Gd /TP /analyze- /errorReport:prompt GeneratedFiles\qrc_flyedit.cpp
         qrc_flyedit.cpp
       Link:
         C:\Program Files (x86)\Microsoft Visual Studio 12.0\VC\bin\link.exe /ERRORREPORT:PROMPT /OUT:"F:\工作201808_飞行包编辑\飞行包编辑_V0.0.2.180809_Alpha\FlyEdit20180811\FlyEdit4_QCustomPlot\Win32\Debug\\FlyEdit.exe" /NOLOGO /LIBPATH:C:\Qt\Qt5.7.0\5.7\msvc2013\lib qtmaind.lib Qt5Cored.lib Qt5Guid.lib Qt5Sqld.lib Qt5Widgetsd.lib Qt5Xlsxd.lib Qt5PrintSupportd.lib kernel32.lib user32.lib gdi32.lib winspool.lib comdlg32.lib advapi32.lib shell32.lib ole32.lib oleaut32.lib uuid.lib odbc32.lib odbccp32.lib /MANIFEST /MANIFESTUAC:"level='asInvoker' uiAccess='false'" /manifest:embed /DEBUG /PDB:"F:\工作201808_飞行包编辑\飞行包编辑_V0.0.2.180809_Alpha\FlyEdit20180811\FlyEdit4_QCustomPlot\Win32\Debug\FlyEdit.pdb" /SUBSYSTEM:CONSOLE /TLBID:1 /DYNAMICBASE /NXCOMPAT /IMPLIB:"F:\工作201808_飞行包编辑\飞行包编辑_V0.0.2.180809_Alpha\FlyEdit20180811\FlyEdit4_QCustomPlot\Win32\Debug\FlyEdit.lib" /MACHINE:X86 /SAFESEH Debug\flyedit.obj
         Debug\moc_flyedit.obj
         Debug\moc_qcustomplot.obj
         Debug\qrc_flyedit.obj
         Debug\main.obj
         Debug\qcustomplot.obj
         FlyEdit.vcxproj -> F:\工作201808_飞行包编辑\飞行包编辑_V0.0.2.180809_Alpha\FlyEdit20180811\FlyEdit4_QCustomPlot\Win32\Debug\FlyEdit.exe
     1>已完成生成项目“F:\工作201808_飞行包编辑\飞行包编辑_V0.0.2.180809_Alpha\FlyEdit20180811\FlyEdit4_QCustomPlot\FlyEdit\FlyEdit.vcxproj”(Build 个目标)的操作。

生成成功。

已用时间 00:00:39.97
