生成启动时间为 2018/8/23 14:35:51。
     1>项目“F:\工作201808_飞行包编辑\飞行包编辑_V0.0.2.180809_Alpha\FlyEdit20180811\FlyEdit4_QCustomPlot _plotMultiGraph_twoSubLayout\FlyEdit\FlyEdit.vcxproj”在节点 2 上(Build 个目标)。
     1>Link:
         C:\Program Files (x86)\Microsoft Visual Studio 12.0\VC\bin\link.exe /ERRORREPORT:PROMPT /OUT:"F:\工作201808_飞行包编辑\飞行包编辑_V0.0.2.180809_Alpha\FlyEdit20180811\FlyEdit4_QCustomPlot _plotMultiGraph_twoSubLayout\Win32\Release\\FlyEdit.exe" /NOLOGO /LIBPATH:C:\Qt\Qt5.7.0\5.7\msvc2013\lib qtmain.lib Qt5Core.lib Qt5Gui.lib Qt5Sql.lib Qt5Widgets.lib Qt5PrintSupport.lib kernel32.lib user32.lib gdi32.lib winspool.lib comdlg32.lib advapi32.lib shell32.lib ole32.lib oleaut32.lib uuid.lib odbc32.lib odbccp32.lib /MANIFEST /MANIFESTUAC:"level='asInvoker' uiAccess='false'" /manifest:embed /PDB:"F:\工作201808_飞行包编辑\飞行包编辑_V0.0.2.180809_Alpha\FlyEdit20180811\FlyEdit4_QCustomPlot _plotMultiGraph_twoSubLayout\Win32\Release\FlyEdit.pdb" /SUBSYSTEM:WINDOWS /TLBID:1 /DYNAMICBASE /NXCOMPAT /IMPLIB:"F:\工作201808_飞行包编辑\飞行包编辑_V0.0.2.180809_Alpha\FlyEdit20180811\FlyEdit4_QCustomPlot _plotMultiGraph_twoSubLayout\Win32\Release\FlyEdit.lib" /MACHINE:X86 /SAFESEH Release\flyedit.obj
         Release\qrc_flyedit.obj
         Release\moc_flyedit.obj
         Release\moc_qcustomplot.obj
         Release\main.obj
         Release\qcustomplot.obj
     1>flyedit.obj : error LNK2019: 无法解析的外部符号 "__declspec(dllimport) public: __thiscall QXlsx::Format::Format(void)" (__imp_??0Format@QXlsx@@QAE@XZ)，该符号在函数 "private: void __thiscall FlyEdit::onExportToExcel(void)" (?onExportToExcel@FlyEdit@@AAEXXZ) 中被引用
     1>flyedit.obj : error LNK2019: 无法解析的外部符号 "__declspec(dllimport) public: __thiscall QXlsx::Format::~Format(void)" (__imp_??1Format@QXlsx@@QAE@XZ)，该符号在函数 "private: void __thiscall FlyEdit::onExportToExcel(void)" (?onExportToExcel@FlyEdit@@AAEXXZ) 中被引用
     1>flyedit.obj : error LNK2019: 无法解析的外部符号 "__declspec(dllimport) public: __thiscall QXlsx::CellRange::~CellRange(void)" (__imp_??1CellRange@QXlsx@@QAE@XZ)，该符号在函数 "private: void __thiscall FlyEdit::onImportExcel(void)" (?onImportExcel@FlyEdit@@AAEXXZ) 中被引用
     1>flyedit.obj : error LNK2019: 无法解析的外部符号 "__declspec(dllimport) public: __thiscall QXlsx::Document::Document(class QString const &,class QObject *)" (__imp_??0Document@QXlsx@@QAE@ABVQString@@PAVQObject@@@Z)，该符号在函数 "private: void __thiscall FlyEdit::onExportToExcel(void)" (?onExportToExcel@FlyEdit@@AAEXXZ) 中被引用
     1>flyedit.obj : error LNK2019: 无法解析的外部符号 "__declspec(dllimport) public: virtual __thiscall QXlsx::Document::~Document(void)" (__imp_??1Document@QXlsx@@UAE@XZ)，该符号在函数 "private: void __thiscall FlyEdit::onExportToExcel(void)" (?onExportToExcel@FlyEdit@@AAEXXZ) 中被引用
     1>flyedit.obj : error LNK2019: 无法解析的外部符号 "__declspec(dllimport) public: bool __thiscall QXlsx::Document::write(int,int,class QVariant const &,class QXlsx::Format const &)" (__imp_?write@Document@QXlsx@@QAE_NHHABVQVariant@@ABVFormat@2@@Z)，该符号在函数 "private: void __thiscall FlyEdit::onExportToExcel(void)" (?onExportToExcel@FlyEdit@@AAEXXZ) 中被引用
     1>flyedit.obj : error LNK2019: 无法解析的外部符号 "__declspec(dllimport) public: class QVariant __thiscall QXlsx::Document::read(int,int)const " (__imp_?read@Document@QXlsx@@QBE?AVQVariant@@HH@Z)，该符号在函数 "private: void __thiscall FlyEdit::onImportExcel(void)" (?onImportExcel@FlyEdit@@AAEXXZ) 中被引用
     1>flyedit.obj : error LNK2019: 无法解析的外部符号 "__declspec(dllimport) public: class QXlsx::CellRange __thiscall QXlsx::Document::dimension(void)const " (__imp_?dimension@Document@QXlsx@@QBE?AVCellRange@2@XZ)，该符号在函数 "private: void __thiscall FlyEdit::onImportExcel(void)" (?onImportExcel@FlyEdit@@AAEXXZ) 中被引用
     1>flyedit.obj : error LNK2019: 无法解析的外部符号 "__declspec(dllimport) public: class QStringList __thiscall QXlsx::Document::sheetNames(void)const " (__imp_?sheetNames@Document@QXlsx@@QBE?AVQStringList@@XZ)，该符号在函数 "private: void __thiscall FlyEdit::onImportExcel(void)" (?onImportExcel@FlyEdit@@AAEXXZ) 中被引用
     1>flyedit.obj : error LNK2019: 无法解析的外部符号 "__declspec(dllimport) public: bool __thiscall QXlsx::Document::addSheet(class QString const &,enum QXlsx::AbstractSheet::SheetType)" (__imp_?addSheet@Document@QXlsx@@QAE_NABVQString@@W4SheetType@AbstractSheet@2@@Z)，该符号在函数 "private: void __thiscall FlyEdit::onExportToExcel(void)" (?onExportToExcel@FlyEdit@@AAEXXZ) 中被引用
     1>flyedit.obj : error LNK2019: 无法解析的外部符号 "__declspec(dllimport) public: bool __thiscall QXlsx::Document::selectSheet(class QString const &)" (__imp_?selectSheet@Document@QXlsx@@QAE_NABVQString@@@Z)，该符号在函数 "private: void __thiscall FlyEdit::onExportToExcel(void)" (?onExportToExcel@FlyEdit@@AAEXXZ) 中被引用
     1>flyedit.obj : error LNK2019: 无法解析的外部符号 "__declspec(dllimport) public: bool __thiscall QXlsx::Document::deleteSheet(class QString const &)" (__imp_?deleteSheet@Document@QXlsx@@QAE_NABVQString@@@Z)，该符号在函数 "private: void __thiscall FlyEdit::onExportToExcel(void)" (?onExportToExcel@FlyEdit@@AAEXXZ) 中被引用
     1>flyedit.obj : error LNK2019: 无法解析的外部符号 "__declspec(dllimport) public: bool __thiscall QXlsx::Document::save(void)const " (__imp_?save@Document@QXlsx@@QBE_NXZ)，该符号在函数 "private: void __thiscall FlyEdit::onExportToExcel(void)" (?onExportToExcel@FlyEdit@@AAEXXZ) 中被引用
     1>F:\工作201808_飞行包编辑\飞行包编辑_V0.0.2.180809_Alpha\FlyEdit20180811\FlyEdit4_QCustomPlot _plotMultiGraph_twoSubLayout\Win32\Release\\FlyEdit.exe : fatal error LNK1120: 13 个无法解析的外部命令
     1>已完成生成项目“F:\工作201808_飞行包编辑\飞行包编辑_V0.0.2.180809_Alpha\FlyEdit20180811\FlyEdit4_QCustomPlot _plotMultiGraph_twoSubLayout\FlyEdit\FlyEdit.vcxproj”(Build 个目标)的操作 - 失败。

生成失败。

已用时间 00:00:00.94
